<?xml version="1.0" encoding="UTF-8"?>
<!-- Generated by org.testng.reporters.JUnitXMLReporter -->
<testsuite ignored="0" hostname="BLR1-LHP-N64265" failures="0" tests="9" name="Free CRM App Test Cases" time="121.603" errors="0" timestamp="2019-10-11T14:26:21 IST">
  <testcase classname="com.crm.qa.testcases.CompaniesPageTest" name="verifyCompaniesLevelTest" time="0.105"/>
  <testcase classname="com.crm.qa.testcases.ContactsPageTest" name="validateCreateNewContactTest" time="1.626"/>
  <testcase classname="com.crm.qa.testcases.ContactsPageTest" name="verifyContactLabelTest" time="0.074"/>
  <testcase classname="com.crm.qa.testcases.DealsPageTest" name="verifyDealsLabelTest" time="0.122"/>
  <testcase classname="com.crm.qa.testcases.HomePageTest" name="clickOnContactLinklTest" time="1.662"/>
  <testcase classname="com.crm.qa.testcases.HomePageTest" name="verifyHomePageTitleTest" time="0.008"/>
  <testcase classname="com.crm.qa.testcases.HomePageTest" name="verifyUserNameTest" time="1.429"/>
  <testcase classname="com.crm.qa.testcases.LoginPageTest" name="loginPageTitleTest" time="0.015"/>
  <testcase classname="com.crm.qa.testcases.LoginPageTest" name="loginTest" time="0.467"/>
</testsuite> <!-- Free CRM App Test Cases -->
